<?xml version="1.0" encoding="UTF-8"?>
<testsuite name="com.webservice.web.IndexControllerTests" tests="1" skipped="0" failures="0" errors="0" timestamp="2023-01-25T20:02:24" hostname="yunseonghoui-MacBookPro.local" time="0.106">
  <properties/>
  <testcase name="MainPage_loading" classname="com.webservice.web.IndexControllerTests" time="0.106"/>
  <system-out><![CDATA[2023-01-26 05:02:24.885  INFO 46235 --- [    Test worker] .b.t.c.SpringBootTestContextBootstrapper : Neither @ContextConfiguration nor @ContextHierarchy found for test class [com.webservice.web.IndexControllerTests], using SpringBootContextLoader
2023-01-26 05:02:24.885  INFO 46235 --- [    Test worker] o.s.t.c.support.AbstractContextLoader    : Could not detect default resource locations for test class [com.webservice.web.IndexControllerTests]: no resource found for suffixes {-context.xml, Context.groovy}.
2023-01-26 05:02:24.886  INFO 46235 --- [    Test worker] t.c.s.AnnotationConfigContextLoaderUtils : Could not detect default configuration classes for test class [com.webservice.web.IndexControllerTests]: IndexControllerTests does not declare any static, non-private, non-final, nested classes annotated with @Configuration.
2023-01-26 05:02:24.886  INFO 46235 --- [    Test worker] .b.t.c.SpringBootTestContextBootstrapper : Found @SpringBootConfiguration com.webservice.Application for test class com.webservice.web.IndexControllerTests
2023-01-26 05:02:24.886  INFO 46235 --- [    Test worker] .b.t.c.SpringBootTestContextBootstrapper : Loaded default TestExecutionListener class names from location [META-INF/spring.factories]: [org.springframework.security.test.context.support.WithSecurityContextTestExecutionListener, org.springframework.security.test.context.support.ReactorContextTestExecutionListener, org.springframework.boot.test.autoconfigure.restdocs.RestDocsTestExecutionListener, org.springframework.boot.test.autoconfigure.web.client.MockRestServiceServerResetTestExecutionListener, org.springframework.boot.test.autoconfigure.web.servlet.MockMvcPrintOnlyOnFailureTestExecutionListener, org.springframework.boot.test.autoconfigure.web.servlet.WebDriverTestExecutionListener, org.springframework.boot.test.mock.mockito.MockitoTestExecutionListener, org.springframework.boot.test.mock.mockito.ResetMocksTestExecutionListener, org.springframework.test.context.web.ServletTestExecutionListener, org.springframework.test.context.support.DirtiesContextBeforeModesTestExecutionListener, org.springframework.test.context.support.DependencyInjectionTestExecutionListener, org.springframework.test.context.support.DirtiesContextTestExecutionListener, org.springframework.test.context.transaction.TransactionalTestExecutionListener, org.springframework.test.context.jdbc.SqlScriptsTestExecutionListener]
2023-01-26 05:02:24.887  INFO 46235 --- [    Test worker] .b.t.c.SpringBootTestContextBootstrapper : Using TestExecutionListeners: [org.springframework.test.context.web.ServletTestExecutionListener@53591ef4, org.springframework.test.context.support.DirtiesContextBeforeModesTestExecutionListener@71f0f2c3, org.springframework.boot.test.mock.mockito.MockitoTestExecutionListener@53de6dfb, org.springframework.boot.test.autoconfigure.SpringBootDependencyInjectionTestExecutionListener@363b20df, org.springframework.test.context.support.DirtiesContextTestExecutionListener@2d8e3652, org.springframework.test.context.transaction.TransactionalTestExecutionListener@5b9ebfca, org.springframework.test.context.jdbc.SqlScriptsTestExecutionListener@7b8fb0f7, org.springframework.security.test.context.support.WithSecurityContextTestExecutionListener@145d4a81, org.springframework.security.test.context.support.ReactorContextTestExecutionListener@483dd2fe, org.springframework.boot.test.autoconfigure.restdocs.RestDocsTestExecutionListener@66f354dc, org.springframework.boot.test.autoconfigure.web.client.MockRestServiceServerResetTestExecutionListener@607d48fd, org.springframework.boot.test.autoconfigure.web.servlet.MockMvcPrintOnlyOnFailureTestExecutionListener@1e8a0f31, org.springframework.boot.test.autoconfigure.web.servlet.WebDriverTestExecutionListener@3886943c, org.springframework.boot.test.mock.mockito.ResetMocksTestExecutionListener@44af7244]
2023-01-26 05:02:24.938  INFO 46235 --- [o-auto-1-exec-1] o.a.c.c.C.[Tomcat].[localhost].[/]       : Initializing Spring DispatcherServlet 'dispatcherServlet'
2023-01-26 05:02:24.938  INFO 46235 --- [o-auto-1-exec-1] o.s.web.servlet.DispatcherServlet        : Initializing Servlet 'dispatcherServlet'
2023-01-26 05:02:24.939  INFO 46235 --- [o-auto-1-exec-1] o.s.web.servlet.DispatcherServlet        : Completed initialization in 1 ms
Hibernate: select posts0_.id as id1_0_, posts0_.create_date as create_d2_0_, posts0_.modified_date as modified3_0_, posts0_.author as author4_0_, posts0_.content as content5_0_, posts0_.title as title6_0_ from posts posts0_ order by posts0_.id DESC
]]></system-out>
  <system-err><![CDATA[]]></system-err>
</testsuite>
