<?xml version="1.0" encoding="UTF-8"?>
<testsuite name="com.webservice.domain.posts.PostsRepositoryTests" tests="2" skipped="0" failures="0" errors="0" timestamp="2023-01-25T20:02:26" hostname="yunseonghoui-MacBookPro.local" time="0.02">
  <properties/>
  <testcase name="BaseTimeEntity_Enrollment" classname="com.webservice.domain.posts.PostsRepositoryTests" time="0.016"/>
  <testcase name="BorderSave_Call" classname="com.webservice.domain.posts.PostsRepositoryTests" time="0.004"/>
  <system-out><![CDATA[2023-01-26 05:02:25.434  INFO 46235 --- [    Test worker] .b.t.c.SpringBootTestContextBootstrapper : Neither @ContextConfiguration nor @ContextHierarchy found for test class [com.webservice.domain.posts.PostsRepositoryTests], using SpringBootContextLoader
2023-01-26 05:02:25.435  INFO 46235 --- [    Test worker] o.s.t.c.support.AbstractContextLoader    : Could not detect default resource locations for test class [com.webservice.domain.posts.PostsRepositoryTests]: no resource found for suffixes {-context.xml, Context.groovy}.
2023-01-26 05:02:25.435  INFO 46235 --- [    Test worker] t.c.s.AnnotationConfigContextLoaderUtils : Could not detect default configuration classes for test class [com.webservice.domain.posts.PostsRepositoryTests]: PostsRepositoryTests does not declare any static, non-private, non-final, nested classes annotated with @Configuration.
2023-01-26 05:02:25.439  INFO 46235 --- [    Test worker] .b.t.c.SpringBootTestContextBootstrapper : Found @SpringBootConfiguration com.webservice.Application for test class com.webservice.domain.posts.PostsRepositoryTests
2023-01-26 05:02:25.440  INFO 46235 --- [    Test worker] .b.t.c.SpringBootTestContextBootstrapper : Loaded default TestExecutionListener class names from location [META-INF/spring.factories]: [org.springframework.security.test.context.support.WithSecurityContextTestExecutionListener, org.springframework.security.test.context.support.ReactorContextTestExecutionListener, org.springframework.boot.test.autoconfigure.restdocs.RestDocsTestExecutionListener, org.springframework.boot.test.autoconfigure.web.client.MockRestServiceServerResetTestExecutionListener, org.springframework.boot.test.autoconfigure.web.servlet.MockMvcPrintOnlyOnFailureTestExecutionListener, org.springframework.boot.test.autoconfigure.web.servlet.WebDriverTestExecutionListener, org.springframework.boot.test.mock.mockito.MockitoTestExecutionListener, org.springframework.boot.test.mock.mockito.ResetMocksTestExecutionListener, org.springframework.test.context.web.ServletTestExecutionListener, org.springframework.test.context.support.DirtiesContextBeforeModesTestExecutionListener, org.springframework.test.context.support.DependencyInjectionTestExecutionListener, org.springframework.test.context.support.DirtiesContextTestExecutionListener, org.springframework.test.context.transaction.TransactionalTestExecutionListener, org.springframework.test.context.jdbc.SqlScriptsTestExecutionListener]
2023-01-26 05:02:25.440  INFO 46235 --- [    Test worker] .b.t.c.SpringBootTestContextBootstrapper : Using TestExecutionListeners: [org.springframework.test.context.web.ServletTestExecutionListener@707544d1, org.springframework.test.context.support.DirtiesContextBeforeModesTestExecutionListener@3be37ded, org.springframework.boot.test.mock.mockito.MockitoTestExecutionListener@1ff23775, org.springframework.boot.test.autoconfigure.SpringBootDependencyInjectionTestExecutionListener@1dfd1ed3, org.springframework.test.context.support.DirtiesContextTestExecutionListener@47f48271, org.springframework.test.context.transaction.TransactionalTestExecutionListener@67d89377, org.springframework.test.context.jdbc.SqlScriptsTestExecutionListener@699f4966, org.springframework.security.test.context.support.WithSecurityContextTestExecutionListener@1c61c900, org.springframework.security.test.context.support.ReactorContextTestExecutionListener@7f6537f7, org.springframework.boot.test.autoconfigure.restdocs.RestDocsTestExecutionListener@5c855047, org.springframework.boot.test.autoconfigure.web.client.MockRestServiceServerResetTestExecutionListener@4fc2e6c8, org.springframework.boot.test.autoconfigure.web.servlet.MockMvcPrintOnlyOnFailureTestExecutionListener@5d790ff9, org.springframework.boot.test.autoconfigure.web.servlet.WebDriverTestExecutionListener@bf5412e, org.springframework.boot.test.mock.mockito.ResetMocksTestExecutionListener@7d043f7f]

  .   ____          _            __ _ _
 /\\ / ___'_ __ _ _(_)_ __  __ _ \ \ \ \
( ( )\___ | '_ | '_| | '_ \/ _` | \ \ \ \
 \\/  ___)| |_)| | | | | || (_| |  ) ) ) )
  '  |____| .__|_| |_|_| |_\__, | / / / /
 =========|_|==============|___/=/_/_/_/
 :: Spring Boot ::        (v2.1.9.RELEASE)

2023-01-26 05:02:25.451  INFO 46235 --- [    Test worker] c.w.domain.posts.PostsRepositoryTests    : Starting PostsRepositoryTests on yunseonghoui-MacBookPro.local with PID 46235 (started by yunseongho in /Users/yunseongho/Documents/Webservice)
2023-01-26 05:02:25.451  INFO 46235 --- [    Test worker] c.w.domain.posts.PostsRepositoryTests    : The following profiles are active: oauth
2023-01-26 05:02:25.548  INFO 46235 --- [    Test worker] .s.d.r.c.RepositoryConfigurationDelegate : Bootstrapping Spring Data repositories in DEFAULT mode.
2023-01-26 05:02:25.555  INFO 46235 --- [    Test worker] .s.d.r.c.RepositoryConfigurationDelegate : Finished Spring Data repository scanning in 5ms. Found 2 repository interfaces.
2023-01-26 05:02:25.592  INFO 46235 --- [    Test worker] trationDelegate$BeanPostProcessorChecker : Bean 'org.springframework.transaction.annotation.ProxyTransactionManagementConfiguration' of type [org.springframework.transaction.annotation.ProxyTransactionManagementConfiguration$$EnhancerBySpringCGLIB$$75bbe624] is not eligible for getting processed by all BeanPostProcessors (for example: not eligible for auto-proxying)
2023-01-26 05:02:25.624  INFO 46235 --- [    Test worker] com.zaxxer.hikari.HikariDataSource       : HikariPool-2 - Starting...
2023-01-26 05:02:25.625  INFO 46235 --- [    Test worker] com.zaxxer.hikari.HikariDataSource       : HikariPool-2 - Start completed.
2023-01-26 05:02:25.636  INFO 46235 --- [    Test worker] o.hibernate.jpa.internal.util.LogHelper  : HHH000204: Processing PersistenceUnitInfo [
	name: default
	...]
2023-01-26 05:02:25.640  INFO 46235 --- [    Test worker] org.hibernate.dialect.Dialect            : HHH000400: Using dialect: org.hibernate.dialect.MySQL5InnoDBDialect
Hibernate: drop table if exists posts
Hibernate: drop table if exists user
Hibernate: create table posts (id bigint not null auto_increment, create_date datetime, modified_date datetime, author varchar(255), content TEXT not null, title varchar(500) not null, primary key (id)) engine=InnoDB
Hibernate: create table user (id bigint not null auto_increment, create_date datetime, modified_date datetime, email varchar(255) not null, name varchar(255) not null, picture varchar(255), role varchar(255) not null, primary key (id)) engine=InnoDB
2023-01-26 05:02:25.663  INFO 46235 --- [    Test worker] o.h.t.schema.internal.SchemaCreatorImpl  : HHH000476: Executing import script 'org.hibernate.tool.schema.internal.exec.ScriptSourceInputNonExistentImpl@2be885c'
2023-01-26 05:02:25.663  INFO 46235 --- [    Test worker] j.LocalContainerEntityManagerFactoryBean : Initialized JPA EntityManagerFactory for persistence unit 'default'
2023-01-26 05:02:25.743  INFO 46235 --- [    Test worker] o.h.h.i.QueryTranslatorFactoryInitiator  : HHH000397: Using ASTQueryTranslatorFactory
2023-01-26 05:02:25.801  INFO 46235 --- [    Test worker] o.s.s.web.DefaultSecurityFilterChain     : Creating filter chain: any request, [org.springframework.security.web.context.request.async.WebAsyncManagerIntegrationFilter@58a5baf4, org.springframework.security.web.context.SecurityContextPersistenceFilter@573a30a7, org.springframework.security.web.header.HeaderWriterFilter@761ff93c, org.springframework.security.web.authentication.logout.LogoutFilter@7897b739, org.springframework.security.oauth2.client.web.OAuth2AuthorizationRequestRedirectFilter@1d1f86ed, org.springframework.security.oauth2.client.web.OAuth2LoginAuthenticationFilter@34078f45, org.springframework.security.web.authentication.ui.DefaultLoginPageGeneratingFilter@7eae0f43, org.springframework.security.web.authentication.ui.DefaultLogoutPageGeneratingFilter@45c9d55f, org.springframework.security.web.savedrequest.RequestCacheAwareFilter@37c8ae88, org.springframework.security.web.servletapi.SecurityContextHolderAwareRequestFilter@3e976754, org.springframework.security.web.authentication.AnonymousAuthenticationFilter@24001be5, org.springframework.security.web.session.SessionManagementFilter@1c0b9e43, org.springframework.security.web.access.ExceptionTranslationFilter@432476ce, org.springframework.security.web.access.intercept.FilterSecurityInterceptor@7f5c45aa]
2023-01-26 05:02:25.905  INFO 46235 --- [    Test worker] o.s.s.concurrent.ThreadPoolTaskExecutor  : Initializing ExecutorService 'applicationTaskExecutor'
2023-01-26 05:02:25.911  WARN 46235 --- [    Test worker] aWebConfiguration$JpaWebMvcConfiguration : spring.jpa.open-in-view is enabled by default. Therefore, database queries may be performed during view rendering. Explicitly configure spring.jpa.open-in-view to disable this warning
2023-01-26 05:02:25.923  INFO 46235 --- [    Test worker] o.s.b.a.w.s.WelcomePageHandlerMapping    : Adding welcome page template: index
2023-01-26 05:02:26.041  INFO 46235 --- [    Test worker] s.a.ScheduledAnnotationBeanPostProcessor : No TaskScheduler/ScheduledExecutorService bean found for scheduled processing
2023-01-26 05:02:26.042  INFO 46235 --- [    Test worker] c.w.domain.posts.PostsRepositoryTests    : Started PostsRepositoryTests in 0.601 seconds (JVM running for 5.15)
Hibernate: insert into posts (create_date, modified_date, author, content, title) values (?, ?, ?, ?, ?)
Hibernate: select posts0_.id as id1_0_, posts0_.create_date as create_d2_0_, posts0_.modified_date as modified3_0_, posts0_.author as author4_0_, posts0_.content as content5_0_, posts0_.title as title6_0_ from posts posts0_
>>>>>>>>> createDate=2023-01-26T05:02:26.050377, modifiedDate=2023-01-26T05:02:26.050377
Hibernate: select posts0_.id as id1_0_, posts0_.create_date as create_d2_0_, posts0_.modified_date as modified3_0_, posts0_.author as author4_0_, posts0_.content as content5_0_, posts0_.title as title6_0_ from posts posts0_
Hibernate: delete from posts where id=?
Hibernate: insert into posts (create_date, modified_date, author, content, title) values (?, ?, ?, ?, ?)
Hibernate: select posts0_.id as id1_0_, posts0_.create_date as create_d2_0_, posts0_.modified_date as modified3_0_, posts0_.author as author4_0_, posts0_.content as content5_0_, posts0_.title as title6_0_ from posts posts0_
Hibernate: select posts0_.id as id1_0_, posts0_.create_date as create_d2_0_, posts0_.modified_date as modified3_0_, posts0_.author as author4_0_, posts0_.content as content5_0_, posts0_.title as title6_0_ from posts posts0_
Hibernate: delete from posts where id=?
]]></system-out>
  <system-err><![CDATA[]]></system-err>
</testsuite>
