<?xml version="1.0" encoding="UTF-8"?>
<testsuite name="com.webservice.web.PostsApiControllerTests" tests="2" skipped="0" failures="0" errors="0" timestamp="2023-01-25T18:09:20" hostname="yunseonghoui-MacBookPro.local" time="0.215">
  <properties/>
  <testcase name="Posts_Update" classname="com.webservice.web.PostsApiControllerTests" time="0.199"/>
  <testcase name="Posts_Save" classname="com.webservice.web.PostsApiControllerTests" time="0.016"/>
  <system-out><![CDATA[03:09:18.142 [Test worker] DEBUG org.springframework.test.context.junit4.SpringJUnit4ClassRunner - SpringJUnit4ClassRunner constructor called with [class com.webservice.web.PostsApiControllerTests]
03:09:18.145 [Test worker] DEBUG org.springframework.test.context.BootstrapUtils - Instantiating CacheAwareContextLoaderDelegate from class [org.springframework.test.context.cache.DefaultCacheAwareContextLoaderDelegate]
03:09:18.148 [Test worker] DEBUG org.springframework.test.context.BootstrapUtils - Instantiating BootstrapContext using constructor [public org.springframework.test.context.support.DefaultBootstrapContext(java.lang.Class,org.springframework.test.context.CacheAwareContextLoaderDelegate)]
03:09:18.156 [Test worker] DEBUG org.springframework.test.context.BootstrapUtils - Instantiating TestContextBootstrapper for test class [com.webservice.web.PostsApiControllerTests] from class [org.springframework.boot.test.context.SpringBootTestContextBootstrapper]
03:09:18.160 [Test worker] INFO org.springframework.boot.test.context.SpringBootTestContextBootstrapper - Neither @ContextConfiguration nor @ContextHierarchy found for test class [com.webservice.web.PostsApiControllerTests], using SpringBootContextLoader
03:09:18.161 [Test worker] DEBUG org.springframework.test.context.support.AbstractContextLoader - Did not detect default resource location for test class [com.webservice.web.PostsApiControllerTests]: class path resource [com/webservice/web/PostsApiControllerTests-context.xml] does not exist
03:09:18.162 [Test worker] DEBUG org.springframework.test.context.support.AbstractContextLoader - Did not detect default resource location for test class [com.webservice.web.PostsApiControllerTests]: class path resource [com/webservice/web/PostsApiControllerTestsContext.groovy] does not exist
03:09:18.162 [Test worker] INFO org.springframework.test.context.support.AbstractContextLoader - Could not detect default resource locations for test class [com.webservice.web.PostsApiControllerTests]: no resource found for suffixes {-context.xml, Context.groovy}.
03:09:18.162 [Test worker] INFO org.springframework.test.context.support.AnnotationConfigContextLoaderUtils - Could not detect default configuration classes for test class [com.webservice.web.PostsApiControllerTests]: PostsApiControllerTests does not declare any static, non-private, non-final, nested classes annotated with @Configuration.
03:09:18.180 [Test worker] DEBUG org.springframework.test.context.support.ActiveProfilesUtils - Could not find an 'annotation declaring class' for annotation type [org.springframework.test.context.ActiveProfiles] and class [com.webservice.web.PostsApiControllerTests]
03:09:18.220 [Test worker] DEBUG org.springframework.context.annotation.ClassPathScanningCandidateComponentProvider - Identified candidate component class: file [/Users/yunseongho/Documents/webservice/build/classes/java/main/com/webservice/Application.class]
03:09:18.220 [Test worker] INFO org.springframework.boot.test.context.SpringBootTestContextBootstrapper - Found @SpringBootConfiguration com.webservice.Application for test class com.webservice.web.PostsApiControllerTests
03:09:18.253 [Test worker] DEBUG org.springframework.boot.test.context.SpringBootTestContextBootstrapper - @TestExecutionListeners is not present for class [com.webservice.web.PostsApiControllerTests]: using defaults.
03:09:18.253 [Test worker] INFO org.springframework.boot.test.context.SpringBootTestContextBootstrapper - Loaded default TestExecutionListener class names from location [META-INF/spring.factories]: [org.springframework.security.test.context.support.WithSecurityContextTestExecutionListener, org.springframework.security.test.context.support.ReactorContextTestExecutionListener, org.springframework.boot.test.autoconfigure.restdocs.RestDocsTestExecutionListener, org.springframework.boot.test.autoconfigure.web.client.MockRestServiceServerResetTestExecutionListener, org.springframework.boot.test.autoconfigure.web.servlet.MockMvcPrintOnlyOnFailureTestExecutionListener, org.springframework.boot.test.autoconfigure.web.servlet.WebDriverTestExecutionListener, org.springframework.boot.test.mock.mockito.MockitoTestExecutionListener, org.springframework.boot.test.mock.mockito.ResetMocksTestExecutionListener, org.springframework.test.context.web.ServletTestExecutionListener, org.springframework.test.context.support.DirtiesContextBeforeModesTestExecutionListener, org.springframework.test.context.support.DependencyInjectionTestExecutionListener, org.springframework.test.context.support.DirtiesContextTestExecutionListener, org.springframework.test.context.transaction.TransactionalTestExecutionListener, org.springframework.test.context.jdbc.SqlScriptsTestExecutionListener]
03:09:18.261 [Test worker] INFO org.springframework.boot.test.context.SpringBootTestContextBootstrapper - Using TestExecutionListeners: [org.springframework.test.context.web.ServletTestExecutionListener@45ea1450, org.springframework.test.context.support.DirtiesContextBeforeModesTestExecutionListener@2125f7b3, org.springframework.boot.test.mock.mockito.MockitoTestExecutionListener@658f2749, org.springframework.boot.test.autoconfigure.SpringBootDependencyInjectionTestExecutionListener@1dc5db, org.springframework.test.context.support.DirtiesContextTestExecutionListener@15c0191c, org.springframework.test.context.transaction.TransactionalTestExecutionListener@1bd6fc78, org.springframework.test.context.jdbc.SqlScriptsTestExecutionListener@77f2524, org.springframework.security.test.context.support.WithSecurityContextTestExecutionListener@69a20b0d, org.springframework.security.test.context.support.ReactorContextTestExecutionListener@7c3fe7dc, org.springframework.boot.test.autoconfigure.restdocs.RestDocsTestExecutionListener@50a6e11f, org.springframework.boot.test.autoconfigure.web.client.MockRestServiceServerResetTestExecutionListener@2e0ea82a, org.springframework.boot.test.autoconfigure.web.servlet.MockMvcPrintOnlyOnFailureTestExecutionListener@570d3485, org.springframework.boot.test.autoconfigure.web.servlet.WebDriverTestExecutionListener@548f28bf, org.springframework.boot.test.mock.mockito.ResetMocksTestExecutionListener@33c69528]
03:09:18.261 [Test worker] DEBUG org.springframework.test.annotation.ProfileValueUtils - Retrieved @ProfileValueSourceConfiguration [null] for test class [com.webservice.web.PostsApiControllerTests]
03:09:18.262 [Test worker] DEBUG org.springframework.test.annotation.ProfileValueUtils - Retrieved ProfileValueSource type [class org.springframework.test.annotation.SystemProfileValueSource] for class [com.webservice.web.PostsApiControllerTests]
03:09:18.262 [Test worker] DEBUG org.springframework.test.annotation.ProfileValueUtils - Retrieved @ProfileValueSourceConfiguration [null] for test class [com.webservice.web.PostsApiControllerTests]
03:09:18.262 [Test worker] DEBUG org.springframework.test.annotation.ProfileValueUtils - Retrieved ProfileValueSource type [class org.springframework.test.annotation.SystemProfileValueSource] for class [com.webservice.web.PostsApiControllerTests]
03:09:18.263 [Test worker] DEBUG org.springframework.test.context.support.AbstractDirtiesContextTestExecutionListener - Before test class: context [DefaultTestContext@45e1a1c6 testClass = PostsApiControllerTests, testInstance = [null], testMethod = [null], testException = [null], mergedContextConfiguration = [WebMergedContextConfiguration@3ab2dba3 testClass = PostsApiControllerTests, locations = '{}', classes = '{class com.webservice.Application}', contextInitializerClasses = '[]', activeProfiles = '{}', propertySourceLocations = '{}', propertySourceProperties = '{org.springframework.boot.test.context.SpringBootTestContextBootstrapper=true, server.port=0}', contextCustomizers = set[org.springframework.boot.test.autoconfigure.properties.PropertyMappingContextCustomizer@0, org.springframework.boot.test.autoconfigure.web.servlet.WebDriverContextCustomizerFactory$Customizer@7e9dc1d0, org.springframework.boot.test.context.filter.ExcludeFilterContextCustomizer@62c61b8b, org.springframework.boot.test.json.DuplicateJsonObjectContextCustomizerFactory$DuplicateJsonObjectContextCustomizer@7391f37f, org.springframework.boot.test.mock.mockito.MockitoContextCustomizer@0, org.springframework.boot.test.web.client.TestRestTemplateContextCustomizer@1f23103c], resourceBasePath = 'src/main/webapp', contextLoader = 'org.springframework.boot.test.context.SpringBootContextLoader', parent = [null]], attributes = map['org.springframework.test.context.web.ServletTestExecutionListener.activateListener' -> false]], class annotated with @DirtiesContext [false] with mode [null].
03:09:18.263 [Test worker] DEBUG org.springframework.test.annotation.ProfileValueUtils - Retrieved @ProfileValueSourceConfiguration [null] for test class [com.webservice.web.PostsApiControllerTests]
03:09:18.263 [Test worker] DEBUG org.springframework.test.annotation.ProfileValueUtils - Retrieved ProfileValueSource type [class org.springframework.test.annotation.SystemProfileValueSource] for class [com.webservice.web.PostsApiControllerTests]
03:09:18.265 [Test worker] DEBUG org.springframework.test.context.support.DependencyInjectionTestExecutionListener - Performing dependency injection for test context [[DefaultTestContext@45e1a1c6 testClass = PostsApiControllerTests, testInstance = com.webservice.web.PostsApiControllerTests@f847768, testMethod = [null], testException = [null], mergedContextConfiguration = [WebMergedContextConfiguration@3ab2dba3 testClass = PostsApiControllerTests, locations = '{}', classes = '{class com.webservice.Application}', contextInitializerClasses = '[]', activeProfiles = '{}', propertySourceLocations = '{}', propertySourceProperties = '{org.springframework.boot.test.context.SpringBootTestContextBootstrapper=true, server.port=0}', contextCustomizers = set[org.springframework.boot.test.autoconfigure.properties.PropertyMappingContextCustomizer@0, org.springframework.boot.test.autoconfigure.web.servlet.WebDriverContextCustomizerFactory$Customizer@7e9dc1d0, org.springframework.boot.test.context.filter.ExcludeFilterContextCustomizer@62c61b8b, org.springframework.boot.test.json.DuplicateJsonObjectContextCustomizerFactory$DuplicateJsonObjectContextCustomizer@7391f37f, org.springframework.boot.test.mock.mockito.MockitoContextCustomizer@0, org.springframework.boot.test.web.client.TestRestTemplateContextCustomizer@1f23103c], resourceBasePath = 'src/main/webapp', contextLoader = 'org.springframework.boot.test.context.SpringBootContextLoader', parent = [null]], attributes = map['org.springframework.test.context.web.ServletTestExecutionListener.activateListener' -> false]]].
03:09:18.273 [Test worker] DEBUG org.springframework.test.context.support.TestPropertySourceUtils - Adding inlined properties to environment: {spring.jmx.enabled=false, org.springframework.boot.test.context.SpringBootTestContextBootstrapper=true, server.port=0}

  .   ____          _            __ _ _
 /\\ / ___'_ __ _ _(_)_ __  __ _ \ \ \ \
( ( )\___ | '_ | '_| | '_ \/ _` | \ \ \ \
 \\/  ___)| |_)| | | | | || (_| |  ) ) ) )
  '  |____| .__|_| |_|_| |_\__, | / / / /
 =========|_|==============|___/=/_/_/_/
 :: Spring Boot ::        (v2.1.9.RELEASE)

2023-01-26 03:09:18.435  INFO 38920 --- [    Test worker] c.w.web.PostsApiControllerTests          : Starting PostsApiControllerTests on yunseonghoui-MacBookPro.local with PID 38920 (started by yunseongho in /Users/yunseongho/Documents/webservice)
2023-01-26 03:09:18.435  INFO 38920 --- [    Test worker] c.w.web.PostsApiControllerTests          : The following profiles are active: oauth
2023-01-26 03:09:18.762  INFO 38920 --- [    Test worker] .s.d.r.c.RepositoryConfigurationDelegate : Bootstrapping Spring Data repositories in DEFAULT mode.
2023-01-26 03:09:18.794  INFO 38920 --- [    Test worker] .s.d.r.c.RepositoryConfigurationDelegate : Finished Spring Data repository scanning in 29ms. Found 2 repository interfaces.
2023-01-26 03:09:19.021  INFO 38920 --- [    Test worker] trationDelegate$BeanPostProcessorChecker : Bean 'org.springframework.transaction.annotation.ProxyTransactionManagementConfiguration' of type [org.springframework.transaction.annotation.ProxyTransactionManagementConfiguration$$EnhancerBySpringCGLIB$$da9f0b0] is not eligible for getting processed by all BeanPostProcessors (for example: not eligible for auto-proxying)
2023-01-26 03:09:19.187  INFO 38920 --- [    Test worker] o.s.b.w.embedded.tomcat.TomcatWebServer  : Tomcat initialized with port(s): 0 (http)
2023-01-26 03:09:19.202  INFO 38920 --- [    Test worker] o.apache.catalina.core.StandardService   : Starting service [Tomcat]
2023-01-26 03:09:19.202  INFO 38920 --- [    Test worker] org.apache.catalina.core.StandardEngine  : Starting Servlet engine: [Apache Tomcat/9.0.26]
2023-01-26 03:09:19.270  INFO 38920 --- [    Test worker] o.a.c.c.C.[Tomcat].[localhost].[/]       : Initializing Spring embedded WebApplicationContext
2023-01-26 03:09:19.270  INFO 38920 --- [    Test worker] o.s.web.context.ContextLoader            : Root WebApplicationContext: initialization completed in 827 ms
2023-01-26 03:09:19.373  INFO 38920 --- [    Test worker] com.zaxxer.hikari.HikariDataSource       : HikariPool-1 - Starting...
2023-01-26 03:09:19.447  INFO 38920 --- [    Test worker] com.zaxxer.hikari.HikariDataSource       : HikariPool-1 - Start completed.
2023-01-26 03:09:19.491  INFO 38920 --- [    Test worker] o.hibernate.jpa.internal.util.LogHelper  : HHH000204: Processing PersistenceUnitInfo [
	name: default
	...]
2023-01-26 03:09:19.520  INFO 38920 --- [    Test worker] org.hibernate.Version                    : HHH000412: Hibernate Core {5.3.12.Final}
2023-01-26 03:09:19.521  INFO 38920 --- [    Test worker] org.hibernate.cfg.Environment            : HHH000206: hibernate.properties not found
2023-01-26 03:09:19.589  INFO 38920 --- [    Test worker] o.hibernate.annotations.common.Version   : HCANN000001: Hibernate Commons Annotations {5.0.4.Final}
2023-01-26 03:09:19.652  INFO 38920 --- [    Test worker] org.hibernate.dialect.Dialect            : HHH000400: Using dialect: org.hibernate.dialect.MySQL5InnoDBDialect
Hibernate: drop table if exists posts
Hibernate: drop table if exists user
Hibernate: create table posts (id bigint not null auto_increment, create_date datetime, modified_date datetime, author varchar(255), content TEXT not null, title varchar(500) not null, primary key (id)) engine=InnoDB
Hibernate: create table user (id bigint not null auto_increment, create_date datetime, modified_date datetime, email varchar(255) not null, name varchar(255) not null, picture varchar(255), role varchar(255) not null, primary key (id)) engine=InnoDB
2023-01-26 03:09:19.982  INFO 38920 --- [    Test worker] o.h.t.schema.internal.SchemaCreatorImpl  : HHH000476: Executing import script 'org.hibernate.tool.schema.internal.exec.ScriptSourceInputNonExistentImpl@7e65ede'
2023-01-26 03:09:19.984  INFO 38920 --- [    Test worker] j.LocalContainerEntityManagerFactoryBean : Initialized JPA EntityManagerFactory for persistence unit 'default'
2023-01-26 03:09:20.288  INFO 38920 --- [    Test worker] o.h.h.i.QueryTranslatorFactoryInitiator  : HHH000397: Using ASTQueryTranslatorFactory
2023-01-26 03:09:20.457  INFO 38920 --- [    Test worker] o.s.s.web.DefaultSecurityFilterChain     : Creating filter chain: any request, [org.springframework.security.web.context.request.async.WebAsyncManagerIntegrationFilter@3896317a, org.springframework.security.web.context.SecurityContextPersistenceFilter@644d92ff, org.springframework.security.web.header.HeaderWriterFilter@1f496388, org.springframework.security.web.authentication.logout.LogoutFilter@25ece2c5, org.springframework.security.oauth2.client.web.OAuth2AuthorizationRequestRedirectFilter@5b4261b0, org.springframework.security.oauth2.client.web.OAuth2LoginAuthenticationFilter@27da0f6d, org.springframework.security.web.authentication.ui.DefaultLoginPageGeneratingFilter@5a6612dc, org.springframework.security.web.authentication.ui.DefaultLogoutPageGeneratingFilter@35f79e39, org.springframework.security.web.savedrequest.RequestCacheAwareFilter@3e030bc5, org.springframework.security.web.servletapi.SecurityContextHolderAwareRequestFilter@727042c6, org.springframework.security.web.authentication.AnonymousAuthenticationFilter@69e33885, org.springframework.security.web.session.SessionManagementFilter@28d70a86, org.springframework.security.web.access.ExceptionTranslationFilter@5624224, org.springframework.security.web.access.intercept.FilterSecurityInterceptor@40895396]
2023-01-26 03:09:20.612  INFO 38920 --- [    Test worker] o.s.s.concurrent.ThreadPoolTaskExecutor  : Initializing ExecutorService 'applicationTaskExecutor'
2023-01-26 03:09:20.635  WARN 38920 --- [    Test worker] aWebConfiguration$JpaWebMvcConfiguration : spring.jpa.open-in-view is enabled by default. Therefore, database queries may be performed during view rendering. Explicitly configure spring.jpa.open-in-view to disable this warning
2023-01-26 03:09:20.658  INFO 38920 --- [    Test worker] o.s.b.a.w.s.WelcomePageHandlerMapping    : Adding welcome page template: index
2023-01-26 03:09:20.786  INFO 38920 --- [    Test worker] s.a.ScheduledAnnotationBeanPostProcessor : No TaskScheduler/ScheduledExecutorService bean found for scheduled processing
2023-01-26 03:09:20.798  INFO 38920 --- [    Test worker] o.s.b.w.embedded.tomcat.TomcatWebServer  : Tomcat started on port(s): 55356 (http) with context path ''
2023-01-26 03:09:20.800  INFO 38920 --- [    Test worker] c.w.web.PostsApiControllerTests          : Started PostsApiControllerTests in 2.524 seconds (JVM running for 3.004)
2023-01-26 03:09:20.850  INFO 38920 --- [    Test worker] o.a.c.c.C.[Tomcat].[localhost].[/]       : Initializing Spring TestDispatcherServlet ''
2023-01-26 03:09:20.850  INFO 38920 --- [    Test worker] o.s.t.web.servlet.TestDispatcherServlet  : Initializing Servlet ''
2023-01-26 03:09:20.855  INFO 38920 --- [    Test worker] o.s.t.web.servlet.TestDispatcherServlet  : Completed initialization in 5 ms
Hibernate: insert into posts (create_date, modified_date, author, content, title) values (?, ?, ?, ?, ?)
Hibernate: select posts0_.id as id1_0_0_, posts0_.create_date as create_d2_0_0_, posts0_.modified_date as modified3_0_0_, posts0_.author as author4_0_0_, posts0_.content as content5_0_0_, posts0_.title as title6_0_0_ from posts posts0_ where posts0_.id=?
Hibernate: update posts set create_date=?, modified_date=?, author=?, content=?, title=? where id=?
Hibernate: select posts0_.id as id1_0_, posts0_.create_date as create_d2_0_, posts0_.modified_date as modified3_0_, posts0_.author as author4_0_, posts0_.content as content5_0_, posts0_.title as title6_0_ from posts posts0_
Hibernate: select posts0_.id as id1_0_, posts0_.create_date as create_d2_0_, posts0_.modified_date as modified3_0_, posts0_.author as author4_0_, posts0_.content as content5_0_, posts0_.title as title6_0_ from posts posts0_
Hibernate: delete from posts where id=?
2023-01-26 03:09:21.004  INFO 38920 --- [    Test worker] o.a.c.c.C.[Tomcat].[localhost].[/]       : Initializing Spring TestDispatcherServlet ''
2023-01-26 03:09:21.005  INFO 38920 --- [    Test worker] o.s.t.web.servlet.TestDispatcherServlet  : Initializing Servlet ''
2023-01-26 03:09:21.006  INFO 38920 --- [    Test worker] o.s.t.web.servlet.TestDispatcherServlet  : Completed initialization in 1 ms
Hibernate: insert into posts (create_date, modified_date, author, content, title) values (?, ?, ?, ?, ?)
Hibernate: select posts0_.id as id1_0_, posts0_.create_date as create_d2_0_, posts0_.modified_date as modified3_0_, posts0_.author as author4_0_, posts0_.content as content5_0_, posts0_.title as title6_0_ from posts posts0_
Hibernate: select posts0_.id as id1_0_, posts0_.create_date as create_d2_0_, posts0_.modified_date as modified3_0_, posts0_.author as author4_0_, posts0_.content as content5_0_, posts0_.title as title6_0_ from posts posts0_
Hibernate: delete from posts where id=?
]]></system-out>
  <system-err><![CDATA[]]></system-err>
</testsuite>
