<?xml version="1.0" encoding="UTF-8"?>
<testsuite name="com.webservice.web.HelloControllerTests" tests="2" skipped="0" failures="0" errors="0" timestamp="2023-01-25T18:09:21" hostname="yunseonghoui-MacBookPro.local" time="0.021">
  <properties/>
  <testcase name="helloDto_return" classname="com.webservice.web.HelloControllerTests" time="0.017"/>
  <testcase name="hello_return" classname="com.webservice.web.HelloControllerTests" time="0.004"/>
  <system-out><![CDATA[2023-01-26 03:09:21.116  INFO 38920 --- [    Test worker] .b.t.a.w.s.WebMvcTestContextBootstrapper : Neither @ContextConfiguration nor @ContextHierarchy found for test class [com.webservice.web.HelloControllerTests], using SpringBootContextLoader
2023-01-26 03:09:21.116  INFO 38920 --- [    Test worker] o.s.t.c.support.AbstractContextLoader    : Could not detect default resource locations for test class [com.webservice.web.HelloControllerTests]: no resource found for suffixes {-context.xml, Context.groovy}.
2023-01-26 03:09:21.117  INFO 38920 --- [    Test worker] t.c.s.AnnotationConfigContextLoaderUtils : Could not detect default configuration classes for test class [com.webservice.web.HelloControllerTests]: HelloControllerTests does not declare any static, non-private, non-final, nested classes annotated with @Configuration.
2023-01-26 03:09:21.124  INFO 38920 --- [    Test worker] .b.t.c.SpringBootTestContextBootstrapper : Found @SpringBootConfiguration com.webservice.Application for test class com.webservice.web.HelloControllerTests
2023-01-26 03:09:21.124  INFO 38920 --- [    Test worker] .b.t.a.w.s.WebMvcTestContextBootstrapper : Loaded default TestExecutionListener class names from location [META-INF/spring.factories]: [org.springframework.security.test.context.support.WithSecurityContextTestExecutionListener, org.springframework.security.test.context.support.ReactorContextTestExecutionListener, org.springframework.boot.test.autoconfigure.restdocs.RestDocsTestExecutionListener, org.springframework.boot.test.autoconfigure.web.client.MockRestServiceServerResetTestExecutionListener, org.springframework.boot.test.autoconfigure.web.servlet.MockMvcPrintOnlyOnFailureTestExecutionListener, org.springframework.boot.test.autoconfigure.web.servlet.WebDriverTestExecutionListener, org.springframework.boot.test.mock.mockito.MockitoTestExecutionListener, org.springframework.boot.test.mock.mockito.ResetMocksTestExecutionListener, org.springframework.test.context.web.ServletTestExecutionListener, org.springframework.test.context.support.DirtiesContextBeforeModesTestExecutionListener, org.springframework.test.context.support.DependencyInjectionTestExecutionListener, org.springframework.test.context.support.DirtiesContextTestExecutionListener, org.springframework.test.context.transaction.TransactionalTestExecutionListener, org.springframework.test.context.jdbc.SqlScriptsTestExecutionListener]
2023-01-26 03:09:21.124  INFO 38920 --- [    Test worker] .b.t.a.w.s.WebMvcTestContextBootstrapper : Using TestExecutionListeners: [org.springframework.test.context.web.ServletTestExecutionListener@3056c093, org.springframework.test.context.support.DirtiesContextBeforeModesTestExecutionListener@412b3e18, org.springframework.boot.test.mock.mockito.MockitoTestExecutionListener@79e649e4, org.springframework.boot.test.autoconfigure.SpringBootDependencyInjectionTestExecutionListener@1de8c8f4, org.springframework.test.context.support.DirtiesContextTestExecutionListener@1bbcc182, org.springframework.test.context.transaction.TransactionalTestExecutionListener@37fe713, org.springframework.test.context.jdbc.SqlScriptsTestExecutionListener@481d27f1, org.springframework.security.test.context.support.WithSecurityContextTestExecutionListener@13e9f96e, org.springframework.security.test.context.support.ReactorContextTestExecutionListener@6ea48a40, org.springframework.boot.test.autoconfigure.restdocs.RestDocsTestExecutionListener@121fbff8, org.springframework.boot.test.autoconfigure.web.client.MockRestServiceServerResetTestExecutionListener@331c20e5, org.springframework.boot.test.autoconfigure.web.servlet.MockMvcPrintOnlyOnFailureTestExecutionListener@6fe29d61, org.springframework.boot.test.autoconfigure.web.servlet.WebDriverTestExecutionListener@255eec57, org.springframework.boot.test.mock.mockito.ResetMocksTestExecutionListener@4ad1777b]

  .   ____          _            __ _ _
 /\\ / ___'_ __ _ _(_)_ __  __ _ \ \ \ \
( ( )\___ | '_ | '_| | '_ \/ _` | \ \ \ \
 \\/  ___)| |_)| | | | | || (_| |  ) ) ) )
  '  |____| .__|_| |_|_| |_\__, | / / / /
 =========|_|==============|___/=/_/_/_/
 :: Spring Boot ::        (v2.1.9.RELEASE)

2023-01-26 03:09:21.143  INFO 38920 --- [    Test worker] com.webservice.web.HelloControllerTests  : Starting HelloControllerTests on yunseonghoui-MacBookPro.local with PID 38920 (started by yunseongho in /Users/yunseongho/Documents/webservice)
2023-01-26 03:09:21.143  INFO 38920 --- [    Test worker] com.webservice.web.HelloControllerTests  : The following profiles are active: oauth
2023-01-26 03:09:21.285  INFO 38920 --- [    Test worker] o.s.s.concurrent.ThreadPoolTaskExecutor  : Initializing ExecutorService 'applicationTaskExecutor'
2023-01-26 03:09:21.297  INFO 38920 --- [    Test worker] o.s.b.a.w.s.WelcomePageHandlerMapping    : Adding welcome page template: index
2023-01-26 03:09:21.354  INFO 38920 --- [    Test worker] .s.s.UserDetailsServiceAutoConfiguration : 

Using generated security password: f806a227-11d0-46b3-a432-2ede27ca4cd6

2023-01-26 03:09:21.390  INFO 38920 --- [    Test worker] o.s.s.web.DefaultSecurityFilterChain     : Creating filter chain: any request, [org.springframework.security.web.context.request.async.WebAsyncManagerIntegrationFilter@2c22d981, org.springframework.security.web.context.SecurityContextPersistenceFilter@a91496a, org.springframework.security.web.header.HeaderWriterFilter@65fb6567, org.springframework.security.web.csrf.CsrfFilter@be18afc, org.springframework.security.web.authentication.logout.LogoutFilter@183ce582, org.springframework.security.web.authentication.UsernamePasswordAuthenticationFilter@4684eacf, org.springframework.security.web.authentication.ui.DefaultLoginPageGeneratingFilter@dea5e15, org.springframework.security.web.authentication.ui.DefaultLogoutPageGeneratingFilter@4e6baac8, org.springframework.security.web.authentication.www.BasicAuthenticationFilter@7df1b376, org.springframework.security.web.savedrequest.RequestCacheAwareFilter@4536169, org.springframework.security.web.servletapi.SecurityContextHolderAwareRequestFilter@3a3dfcd9, org.springframework.security.web.authentication.AnonymousAuthenticationFilter@3e71ca70, org.springframework.security.web.session.SessionManagementFilter@62cab54e, org.springframework.security.web.access.ExceptionTranslationFilter@2065c534, org.springframework.security.web.access.intercept.FilterSecurityInterceptor@4c4d8478]
2023-01-26 03:09:21.394  INFO 38920 --- [    Test worker] o.s.b.t.m.w.SpringBootMockServletContext : Initializing Spring TestDispatcherServlet ''
2023-01-26 03:09:21.395  INFO 38920 --- [    Test worker] o.s.t.web.servlet.TestDispatcherServlet  : Initializing Servlet ''
2023-01-26 03:09:21.395  INFO 38920 --- [    Test worker] o.s.t.web.servlet.TestDispatcherServlet  : Completed initialization in 0 ms
2023-01-26 03:09:21.404  INFO 38920 --- [    Test worker] com.webservice.web.HelloControllerTests  : Started HelloControllerTests in 0.277 seconds (JVM running for 3.608)
]]></system-out>
  <system-err><![CDATA[]]></system-err>
</testsuite>
