<?xml version="1.0" encoding="UTF-8"?>
<testsuite name="com.webservice.web.dto.HelloResponseDtoTests" tests="1" skipped="0" failures="0" errors="0" timestamp="2023-01-25T18:09:18" hostname="yunseonghoui-MacBookPro.local" time="0.028">
  <properties/>
  <testcase name="lombok_test" classname="com.webservice.web.dto.HelloResponseDtoTests" time="0.028"/>
  <system-out><![CDATA[]]></system-out>
  <system-err><![CDATA[]]></system-err>
</testsuite>
