<?xml version="1.0" encoding="UTF-8"?>
<testsuite name="com.webservice.web.IndexControllerTests" tests="1" skipped="0" failures="0" errors="0" timestamp="2023-01-25T18:09:21" hostname="yunseonghoui-MacBookPro.local" time="0.091">
  <properties/>
  <testcase name="MainPage_loading" classname="com.webservice.web.IndexControllerTests" time="0.091"/>
  <system-out><![CDATA[2023-01-26 03:09:21.021  INFO 38920 --- [    Test worker] .b.t.c.SpringBootTestContextBootstrapper : Neither @ContextConfiguration nor @ContextHierarchy found for test class [com.webservice.web.IndexControllerTests], using SpringBootContextLoader
2023-01-26 03:09:21.021  INFO 38920 --- [    Test worker] o.s.t.c.support.AbstractContextLoader    : Could not detect default resource locations for test class [com.webservice.web.IndexControllerTests]: no resource found for suffixes {-context.xml, Context.groovy}.
2023-01-26 03:09:21.021  INFO 38920 --- [    Test worker] t.c.s.AnnotationConfigContextLoaderUtils : Could not detect default configuration classes for test class [com.webservice.web.IndexControllerTests]: IndexControllerTests does not declare any static, non-private, non-final, nested classes annotated with @Configuration.
2023-01-26 03:09:21.022  INFO 38920 --- [    Test worker] .b.t.c.SpringBootTestContextBootstrapper : Found @SpringBootConfiguration com.webservice.Application for test class com.webservice.web.IndexControllerTests
2023-01-26 03:09:21.022  INFO 38920 --- [    Test worker] .b.t.c.SpringBootTestContextBootstrapper : Loaded default TestExecutionListener class names from location [META-INF/spring.factories]: [org.springframework.security.test.context.support.WithSecurityContextTestExecutionListener, org.springframework.security.test.context.support.ReactorContextTestExecutionListener, org.springframework.boot.test.autoconfigure.restdocs.RestDocsTestExecutionListener, org.springframework.boot.test.autoconfigure.web.client.MockRestServiceServerResetTestExecutionListener, org.springframework.boot.test.autoconfigure.web.servlet.MockMvcPrintOnlyOnFailureTestExecutionListener, org.springframework.boot.test.autoconfigure.web.servlet.WebDriverTestExecutionListener, org.springframework.boot.test.mock.mockito.MockitoTestExecutionListener, org.springframework.boot.test.mock.mockito.ResetMocksTestExecutionListener, org.springframework.test.context.web.ServletTestExecutionListener, org.springframework.test.context.support.DirtiesContextBeforeModesTestExecutionListener, org.springframework.test.context.support.DependencyInjectionTestExecutionListener, org.springframework.test.context.support.DirtiesContextTestExecutionListener, org.springframework.test.context.transaction.TransactionalTestExecutionListener, org.springframework.test.context.jdbc.SqlScriptsTestExecutionListener]
2023-01-26 03:09:21.023  INFO 38920 --- [    Test worker] .b.t.c.SpringBootTestContextBootstrapper : Using TestExecutionListeners: [org.springframework.test.context.web.ServletTestExecutionListener@15d6c19e, org.springframework.test.context.support.DirtiesContextBeforeModesTestExecutionListener@2d58b9e1, org.springframework.boot.test.mock.mockito.MockitoTestExecutionListener@30926937, org.springframework.boot.test.autoconfigure.SpringBootDependencyInjectionTestExecutionListener@627378e8, org.springframework.test.context.support.DirtiesContextTestExecutionListener@418a8f09, org.springframework.test.context.transaction.TransactionalTestExecutionListener@29f5b168, org.springframework.test.context.jdbc.SqlScriptsTestExecutionListener@a8dbeb0, org.springframework.security.test.context.support.WithSecurityContextTestExecutionListener@73402331, org.springframework.security.test.context.support.ReactorContextTestExecutionListener@66270897, org.springframework.boot.test.autoconfigure.restdocs.RestDocsTestExecutionListener@62dd8bca, org.springframework.boot.test.autoconfigure.web.client.MockRestServiceServerResetTestExecutionListener@542d11f, org.springframework.boot.test.autoconfigure.web.servlet.MockMvcPrintOnlyOnFailureTestExecutionListener@77e9232d, org.springframework.boot.test.autoconfigure.web.servlet.WebDriverTestExecutionListener@29d4eef7, org.springframework.boot.test.mock.mockito.ResetMocksTestExecutionListener@2759a3dc]
2023-01-26 03:09:21.076  INFO 38920 --- [o-auto-1-exec-1] o.a.c.c.C.[Tomcat].[localhost].[/]       : Initializing Spring DispatcherServlet 'dispatcherServlet'
2023-01-26 03:09:21.077  INFO 38920 --- [o-auto-1-exec-1] o.s.web.servlet.DispatcherServlet        : Initializing Servlet 'dispatcherServlet'
2023-01-26 03:09:21.078  INFO 38920 --- [o-auto-1-exec-1] o.s.web.servlet.DispatcherServlet        : Completed initialization in 1 ms
Hibernate: select posts0_.id as id1_0_, posts0_.create_date as create_d2_0_, posts0_.modified_date as modified3_0_, posts0_.author as author4_0_, posts0_.content as content5_0_, posts0_.title as title6_0_ from posts posts0_ order by posts0_.id DESC
]]></system-out>
  <system-err><![CDATA[]]></system-err>
</testsuite>
