<?xml version="1.0" encoding="UTF-8"?>
<testsuite name="com.webservice.web.HelloControllerTests" tests="2" skipped="0" failures="0" errors="0" timestamp="2023-01-25T20:02:25" hostname="yunseonghoui-MacBookPro.local" time="0.025">
  <properties/>
  <testcase name="helloDto_return" classname="com.webservice.web.HelloControllerTests" time="0.02"/>
  <testcase name="hello_return" classname="com.webservice.web.HelloControllerTests" time="0.005"/>
  <system-out><![CDATA[2023-01-26 05:02:24.998  INFO 46235 --- [    Test worker] .b.t.a.w.s.WebMvcTestContextBootstrapper : Neither @ContextConfiguration nor @ContextHierarchy found for test class [com.webservice.web.HelloControllerTests], using SpringBootContextLoader
2023-01-26 05:02:24.999  INFO 46235 --- [    Test worker] o.s.t.c.support.AbstractContextLoader    : Could not detect default resource locations for test class [com.webservice.web.HelloControllerTests]: no resource found for suffixes {-context.xml, Context.groovy}.
2023-01-26 05:02:24.999  INFO 46235 --- [    Test worker] t.c.s.AnnotationConfigContextLoaderUtils : Could not detect default configuration classes for test class [com.webservice.web.HelloControllerTests]: HelloControllerTests does not declare any static, non-private, non-final, nested classes annotated with @Configuration.
2023-01-26 05:02:25.006  INFO 46235 --- [    Test worker] .b.t.c.SpringBootTestContextBootstrapper : Found @SpringBootConfiguration com.webservice.Application for test class com.webservice.web.HelloControllerTests
2023-01-26 05:02:25.006  INFO 46235 --- [    Test worker] .b.t.a.w.s.WebMvcTestContextBootstrapper : Loaded default TestExecutionListener class names from location [META-INF/spring.factories]: [org.springframework.security.test.context.support.WithSecurityContextTestExecutionListener, org.springframework.security.test.context.support.ReactorContextTestExecutionListener, org.springframework.boot.test.autoconfigure.restdocs.RestDocsTestExecutionListener, org.springframework.boot.test.autoconfigure.web.client.MockRestServiceServerResetTestExecutionListener, org.springframework.boot.test.autoconfigure.web.servlet.MockMvcPrintOnlyOnFailureTestExecutionListener, org.springframework.boot.test.autoconfigure.web.servlet.WebDriverTestExecutionListener, org.springframework.boot.test.mock.mockito.MockitoTestExecutionListener, org.springframework.boot.test.mock.mockito.ResetMocksTestExecutionListener, org.springframework.test.context.web.ServletTestExecutionListener, org.springframework.test.context.support.DirtiesContextBeforeModesTestExecutionListener, org.springframework.test.context.support.DependencyInjectionTestExecutionListener, org.springframework.test.context.support.DirtiesContextTestExecutionListener, org.springframework.test.context.transaction.TransactionalTestExecutionListener, org.springframework.test.context.jdbc.SqlScriptsTestExecutionListener]
2023-01-26 05:02:25.007  INFO 46235 --- [    Test worker] .b.t.a.w.s.WebMvcTestContextBootstrapper : Using TestExecutionListeners: [org.springframework.test.context.web.ServletTestExecutionListener@400cea3a, org.springframework.test.context.support.DirtiesContextBeforeModesTestExecutionListener@5d72d907, org.springframework.boot.test.mock.mockito.MockitoTestExecutionListener@4013bec4, org.springframework.boot.test.autoconfigure.SpringBootDependencyInjectionTestExecutionListener@bd3f2cd, org.springframework.test.context.support.DirtiesContextTestExecutionListener@2c2984b7, org.springframework.test.context.transaction.TransactionalTestExecutionListener@6758dad4, org.springframework.test.context.jdbc.SqlScriptsTestExecutionListener@3ae0bd65, org.springframework.security.test.context.support.WithSecurityContextTestExecutionListener@2eb1756e, org.springframework.security.test.context.support.ReactorContextTestExecutionListener@4edd5033, org.springframework.boot.test.autoconfigure.restdocs.RestDocsTestExecutionListener@6f72bd46, org.springframework.boot.test.autoconfigure.web.client.MockRestServiceServerResetTestExecutionListener@50c63e58, org.springframework.boot.test.autoconfigure.web.servlet.MockMvcPrintOnlyOnFailureTestExecutionListener@75f92b2b, org.springframework.boot.test.autoconfigure.web.servlet.WebDriverTestExecutionListener@5181b16f, org.springframework.boot.test.mock.mockito.ResetMocksTestExecutionListener@2b63ae94]

  .   ____          _            __ _ _
 /\\ / ___'_ __ _ _(_)_ __  __ _ \ \ \ \
( ( )\___ | '_ | '_| | '_ \/ _` | \ \ \ \
 \\/  ___)| |_)| | | | | || (_| |  ) ) ) )
  '  |____| .__|_| |_|_| |_\__, | / / / /
 =========|_|==============|___/=/_/_/_/
 :: Spring Boot ::        (v2.1.9.RELEASE)

2023-01-26 05:02:25.024  INFO 46235 --- [    Test worker] com.webservice.web.HelloControllerTests  : Starting HelloControllerTests on yunseonghoui-MacBookPro.local with PID 46235 (started by yunseongho in /Users/yunseongho/Documents/Webservice)
2023-01-26 05:02:25.024  INFO 46235 --- [    Test worker] com.webservice.web.HelloControllerTests  : The following profiles are active: oauth
2023-01-26 05:02:25.236  INFO 46235 --- [    Test worker] o.s.s.concurrent.ThreadPoolTaskExecutor  : Initializing ExecutorService 'applicationTaskExecutor'
2023-01-26 05:02:25.249  INFO 46235 --- [    Test worker] o.s.b.a.w.s.WelcomePageHandlerMapping    : Adding welcome page template: index
2023-01-26 05:02:25.338  INFO 46235 --- [    Test worker] .s.s.UserDetailsServiceAutoConfiguration : 

Using generated security password: d24e0267-9b0a-4f7c-bce0-c492b8be0645

2023-01-26 05:02:25.388  INFO 46235 --- [    Test worker] o.s.s.web.DefaultSecurityFilterChain     : Creating filter chain: any request, [org.springframework.security.web.context.request.async.WebAsyncManagerIntegrationFilter@26153a85, org.springframework.security.web.context.SecurityContextPersistenceFilter@b2cfc81, org.springframework.security.web.header.HeaderWriterFilter@1dd8c635, org.springframework.security.web.csrf.CsrfFilter@54dccf1, org.springframework.security.web.authentication.logout.LogoutFilter@6d6c34d, org.springframework.security.web.authentication.UsernamePasswordAuthenticationFilter@247c570a, org.springframework.security.web.authentication.ui.DefaultLoginPageGeneratingFilter@75b4ae03, org.springframework.security.web.authentication.ui.DefaultLogoutPageGeneratingFilter@53e840f, org.springframework.security.web.authentication.www.BasicAuthenticationFilter@4b6e4ea8, org.springframework.security.web.savedrequest.RequestCacheAwareFilter@15fd0176, org.springframework.security.web.servletapi.SecurityContextHolderAwareRequestFilter@4ecf9492, org.springframework.security.web.authentication.AnonymousAuthenticationFilter@3c1c910e, org.springframework.security.web.session.SessionManagementFilter@7619ab3b, org.springframework.security.web.access.ExceptionTranslationFilter@2b96bb21, org.springframework.security.web.access.intercept.FilterSecurityInterceptor@52f9df7f]
2023-01-26 05:02:25.394  INFO 46235 --- [    Test worker] o.s.b.t.m.w.SpringBootMockServletContext : Initializing Spring TestDispatcherServlet ''
2023-01-26 05:02:25.394  INFO 46235 --- [    Test worker] o.s.t.web.servlet.TestDispatcherServlet  : Initializing Servlet ''
2023-01-26 05:02:25.396  INFO 46235 --- [    Test worker] o.s.t.web.servlet.TestDispatcherServlet  : Completed initialization in 2 ms
2023-01-26 05:02:25.407  INFO 46235 --- [    Test worker] com.webservice.web.HelloControllerTests  : Started HelloControllerTests in 0.396 seconds (JVM running for 4.515)
]]></system-out>
  <system-err><![CDATA[]]></system-err>
</testsuite>
