<?xml version="1.0" encoding="UTF-8"?>
<testsuite name="com.webservice.domain.posts.PostsRepositoryTests" tests="2" skipped="0" failures="0" errors="0" timestamp="2023-01-25T18:09:21" hostname="yunseonghoui-MacBookPro.local" time="0.017">
  <properties/>
  <testcase name="BaseTimeEntity_Enrollment" classname="com.webservice.domain.posts.PostsRepositoryTests" time="0.012"/>
  <testcase name="BorderSave_Call" classname="com.webservice.domain.posts.PostsRepositoryTests" time="0.005"/>
  <system-out><![CDATA[2023-01-26 03:09:21.428  INFO 38920 --- [    Test worker] .b.t.c.SpringBootTestContextBootstrapper : Neither @ContextConfiguration nor @ContextHierarchy found for test class [com.webservice.domain.posts.PostsRepositoryTests], using SpringBootContextLoader
2023-01-26 03:09:21.429  INFO 38920 --- [    Test worker] o.s.t.c.support.AbstractContextLoader    : Could not detect default resource locations for test class [com.webservice.domain.posts.PostsRepositoryTests]: no resource found for suffixes {-context.xml, Context.groovy}.
2023-01-26 03:09:21.429  INFO 38920 --- [    Test worker] t.c.s.AnnotationConfigContextLoaderUtils : Could not detect default configuration classes for test class [com.webservice.domain.posts.PostsRepositoryTests]: PostsRepositoryTests does not declare any static, non-private, non-final, nested classes annotated with @Configuration.
2023-01-26 03:09:21.432  INFO 38920 --- [    Test worker] .b.t.c.SpringBootTestContextBootstrapper : Found @SpringBootConfiguration com.webservice.Application for test class com.webservice.domain.posts.PostsRepositoryTests
2023-01-26 03:09:21.433  INFO 38920 --- [    Test worker] .b.t.c.SpringBootTestContextBootstrapper : Loaded default TestExecutionListener class names from location [META-INF/spring.factories]: [org.springframework.security.test.context.support.WithSecurityContextTestExecutionListener, org.springframework.security.test.context.support.ReactorContextTestExecutionListener, org.springframework.boot.test.autoconfigure.restdocs.RestDocsTestExecutionListener, org.springframework.boot.test.autoconfigure.web.client.MockRestServiceServerResetTestExecutionListener, org.springframework.boot.test.autoconfigure.web.servlet.MockMvcPrintOnlyOnFailureTestExecutionListener, org.springframework.boot.test.autoconfigure.web.servlet.WebDriverTestExecutionListener, org.springframework.boot.test.mock.mockito.MockitoTestExecutionListener, org.springframework.boot.test.mock.mockito.ResetMocksTestExecutionListener, org.springframework.test.context.web.ServletTestExecutionListener, org.springframework.test.context.support.DirtiesContextBeforeModesTestExecutionListener, org.springframework.test.context.support.DependencyInjectionTestExecutionListener, org.springframework.test.context.support.DirtiesContextTestExecutionListener, org.springframework.test.context.transaction.TransactionalTestExecutionListener, org.springframework.test.context.jdbc.SqlScriptsTestExecutionListener]
2023-01-26 03:09:21.434  INFO 38920 --- [    Test worker] .b.t.c.SpringBootTestContextBootstrapper : Using TestExecutionListeners: [org.springframework.test.context.web.ServletTestExecutionListener@7a68506c, org.springframework.test.context.support.DirtiesContextBeforeModesTestExecutionListener@29cf42c8, org.springframework.boot.test.mock.mockito.MockitoTestExecutionListener@126516f, org.springframework.boot.test.autoconfigure.SpringBootDependencyInjectionTestExecutionListener@7303d260, org.springframework.test.context.support.DirtiesContextTestExecutionListener@4bd0175c, org.springframework.test.context.transaction.TransactionalTestExecutionListener@185ad5ec, org.springframework.test.context.jdbc.SqlScriptsTestExecutionListener@2bc442a1, org.springframework.security.test.context.support.WithSecurityContextTestExecutionListener@46b9156b, org.springframework.security.test.context.support.ReactorContextTestExecutionListener@d988017, org.springframework.boot.test.autoconfigure.restdocs.RestDocsTestExecutionListener@4323c1fd, org.springframework.boot.test.autoconfigure.web.client.MockRestServiceServerResetTestExecutionListener@4a7b5272, org.springframework.boot.test.autoconfigure.web.servlet.MockMvcPrintOnlyOnFailureTestExecutionListener@44e7141b, org.springframework.boot.test.autoconfigure.web.servlet.WebDriverTestExecutionListener@db6bca8, org.springframework.boot.test.mock.mockito.ResetMocksTestExecutionListener@50c7a8ca]

  .   ____          _            __ _ _
 /\\ / ___'_ __ _ _(_)_ __  __ _ \ \ \ \
( ( )\___ | '_ | '_| | '_ \/ _` | \ \ \ \
 \\/  ___)| |_)| | | | | || (_| |  ) ) ) )
  '  |____| .__|_| |_|_| |_\__, | / / / /
 =========|_|==============|___/=/_/_/_/
 :: Spring Boot ::        (v2.1.9.RELEASE)

2023-01-26 03:09:21.444  INFO 38920 --- [    Test worker] c.w.domain.posts.PostsRepositoryTests    : Starting PostsRepositoryTests on yunseonghoui-MacBookPro.local with PID 38920 (started by yunseongho in /Users/yunseongho/Documents/webservice)
2023-01-26 03:09:21.444  INFO 38920 --- [    Test worker] c.w.domain.posts.PostsRepositoryTests    : The following profiles are active: oauth
2023-01-26 03:09:21.522  INFO 38920 --- [    Test worker] .s.d.r.c.RepositoryConfigurationDelegate : Bootstrapping Spring Data repositories in DEFAULT mode.
2023-01-26 03:09:21.529  INFO 38920 --- [    Test worker] .s.d.r.c.RepositoryConfigurationDelegate : Finished Spring Data repository scanning in 7ms. Found 2 repository interfaces.
2023-01-26 03:09:21.568  INFO 38920 --- [    Test worker] trationDelegate$BeanPostProcessorChecker : Bean 'org.springframework.transaction.annotation.ProxyTransactionManagementConfiguration' of type [org.springframework.transaction.annotation.ProxyTransactionManagementConfiguration$$EnhancerBySpringCGLIB$$da9f0b0] is not eligible for getting processed by all BeanPostProcessors (for example: not eligible for auto-proxying)
2023-01-26 03:09:21.599  INFO 38920 --- [    Test worker] com.zaxxer.hikari.HikariDataSource       : HikariPool-2 - Starting...
2023-01-26 03:09:21.600  INFO 38920 --- [    Test worker] com.zaxxer.hikari.HikariDataSource       : HikariPool-2 - Start completed.
2023-01-26 03:09:21.610  INFO 38920 --- [    Test worker] o.hibernate.jpa.internal.util.LogHelper  : HHH000204: Processing PersistenceUnitInfo [
	name: default
	...]
2023-01-26 03:09:21.615  INFO 38920 --- [    Test worker] org.hibernate.dialect.Dialect            : HHH000400: Using dialect: org.hibernate.dialect.MySQL5InnoDBDialect
Hibernate: drop table if exists posts
Hibernate: drop table if exists user
Hibernate: create table posts (id bigint not null auto_increment, create_date datetime, modified_date datetime, author varchar(255), content TEXT not null, title varchar(500) not null, primary key (id)) engine=InnoDB
Hibernate: create table user (id bigint not null auto_increment, create_date datetime, modified_date datetime, email varchar(255) not null, name varchar(255) not null, picture varchar(255), role varchar(255) not null, primary key (id)) engine=InnoDB
2023-01-26 03:09:21.640  INFO 38920 --- [    Test worker] o.h.t.schema.internal.SchemaCreatorImpl  : HHH000476: Executing import script 'org.hibernate.tool.schema.internal.exec.ScriptSourceInputNonExistentImpl@7e65ede'
2023-01-26 03:09:21.640  INFO 38920 --- [    Test worker] j.LocalContainerEntityManagerFactoryBean : Initialized JPA EntityManagerFactory for persistence unit 'default'
2023-01-26 03:09:21.712  INFO 38920 --- [    Test worker] o.h.h.i.QueryTranslatorFactoryInitiator  : HHH000397: Using ASTQueryTranslatorFactory
2023-01-26 03:09:21.754  INFO 38920 --- [    Test worker] o.s.s.web.DefaultSecurityFilterChain     : Creating filter chain: any request, [org.springframework.security.web.context.request.async.WebAsyncManagerIntegrationFilter@421630a6, org.springframework.security.web.context.SecurityContextPersistenceFilter@2e78a798, org.springframework.security.web.header.HeaderWriterFilter@4a7945ef, org.springframework.security.web.authentication.logout.LogoutFilter@f0b7f5, org.springframework.security.oauth2.client.web.OAuth2AuthorizationRequestRedirectFilter@3487b7b4, org.springframework.security.oauth2.client.web.OAuth2LoginAuthenticationFilter@6fa0d1a9, org.springframework.security.web.authentication.ui.DefaultLoginPageGeneratingFilter@6b5f9961, org.springframework.security.web.authentication.ui.DefaultLogoutPageGeneratingFilter@3785b7e9, org.springframework.security.web.savedrequest.RequestCacheAwareFilter@70b7f830, org.springframework.security.web.servletapi.SecurityContextHolderAwareRequestFilter@70618df4, org.springframework.security.web.authentication.AnonymousAuthenticationFilter@3eb69cba, org.springframework.security.web.session.SessionManagementFilter@5b580fa6, org.springframework.security.web.access.ExceptionTranslationFilter@1f482b2c, org.springframework.security.web.access.intercept.FilterSecurityInterceptor@3fa959f4]
2023-01-26 03:09:21.843  INFO 38920 --- [    Test worker] o.s.s.concurrent.ThreadPoolTaskExecutor  : Initializing ExecutorService 'applicationTaskExecutor'
2023-01-26 03:09:21.849  WARN 38920 --- [    Test worker] aWebConfiguration$JpaWebMvcConfiguration : spring.jpa.open-in-view is enabled by default. Therefore, database queries may be performed during view rendering. Explicitly configure spring.jpa.open-in-view to disable this warning
2023-01-26 03:09:21.859  INFO 38920 --- [    Test worker] o.s.b.a.w.s.WelcomePageHandlerMapping    : Adding welcome page template: index
2023-01-26 03:09:21.959  INFO 38920 --- [    Test worker] s.a.ScheduledAnnotationBeanPostProcessor : No TaskScheduler/ScheduledExecutorService bean found for scheduled processing
2023-01-26 03:09:21.959  INFO 38920 --- [    Test worker] c.w.domain.posts.PostsRepositoryTests    : Started PostsRepositoryTests in 0.524 seconds (JVM running for 4.163)
Hibernate: insert into posts (create_date, modified_date, author, content, title) values (?, ?, ?, ?, ?)
Hibernate: select posts0_.id as id1_0_, posts0_.create_date as create_d2_0_, posts0_.modified_date as modified3_0_, posts0_.author as author4_0_, posts0_.content as content5_0_, posts0_.title as title6_0_ from posts posts0_
>>>>>>>>> createDate=2023-01-26T03:09:21.964737, modifiedDate=2023-01-26T03:09:21.964737
Hibernate: select posts0_.id as id1_0_, posts0_.create_date as create_d2_0_, posts0_.modified_date as modified3_0_, posts0_.author as author4_0_, posts0_.content as content5_0_, posts0_.title as title6_0_ from posts posts0_
Hibernate: delete from posts where id=?
Hibernate: insert into posts (create_date, modified_date, author, content, title) values (?, ?, ?, ?, ?)
Hibernate: select posts0_.id as id1_0_, posts0_.create_date as create_d2_0_, posts0_.modified_date as modified3_0_, posts0_.author as author4_0_, posts0_.content as content5_0_, posts0_.title as title6_0_ from posts posts0_
Hibernate: select posts0_.id as id1_0_, posts0_.create_date as create_d2_0_, posts0_.modified_date as modified3_0_, posts0_.author as author4_0_, posts0_.content as content5_0_, posts0_.title as title6_0_ from posts posts0_
Hibernate: delete from posts where id=?
]]></system-out>
  <system-err><![CDATA[]]></system-err>
</testsuite>
